<?xml version="1.0" encoding="UTF-8"?>
<!-- Generated by org.testng.reporters.JUnitXMLReporter -->
<testsuite ignored="4" hostname="PSL-JK01MW2" failures="0" tests="3" name="GrouopDemo" time="0.047" errors="0" timestamp="2023-08-23T23:25:30 IST">
  <testcase classname="groups.GroupOne" name="Testfour" time="0.007"/>
  <testcase classname="groups.GroupOne" name="Testone" time="0.001"/>
  <testcase classname="groups.GroupOne" name="Testseven" time="0.001"/>
  <testcase classname="groups.GroupOne" name="Testfive" time="0.0">
    <ignored/>
  </testcase> <!-- Testfive -->
  <testcase classname="groups.GroupOne" name="Testsix" time="0.0">
    <ignored/>
  </testcase> <!-- Testsix -->
  <testcase classname="groups.GroupOne" name="Testtwo" time="0.0">
    <ignored/>
  </testcase> <!-- Testtwo -->
  <testcase classname="groups.GroupOne" name="Testthree" time="0.0">
    <ignored/>
  </testcase> <!-- Testthree -->
</testsuite> <!-- GrouopDemo -->
