<?xml version="1.0" encoding="UTF-8"?>
<!-- Generated by org.testng.reporters.JUnitXMLReporter -->
<testsuite ignored="1" hostname="PSL-JK01MW2" failures="0" tests="1" name="Include_Exclude Methods" time="21.731" errors="0" timestamp="2023-08-23T12:04:09 IST">
  <testcase classname="com.testNG.TwoTestExecution" name="SerachTest001" time="21.701"/>
  <testcase classname="com.testNG.TwoTestExecution" name="SerachTest002" time="0.0">
    <ignored/>
  </testcase> <!-- SerachTest002 -->
</testsuite> <!-- Include_Exclude Methods -->
