<?xml version="1.0" encoding="UTF-8"?>
<!-- Generated by org.testng.reporters.JUnitXMLReporter -->
<testsuite ignored="1" hostname="PSL-JK01MW2" failures="0" tests="2" name="Testone" time="27.044" errors="0" timestamp="2023-08-23T12:04:36 IST">
  <testcase classname="com.testNG.Testone" name="searchCargo" time="22.2"/>
  <testcase classname="com.testNG.Testone" name="searchSelenium" time="4.837"/>
  <testcase classname="com.testNG.Testone" name="searchApple" time="0.0">
    <ignored/>
  </testcase> <!-- searchApple -->
</testsuite> <!-- Testone -->
