<?xml version="1.0" encoding="UTF-8"?>
<!-- Generated by org.testng.reporters.JUnitXMLReporter -->
<testsuite ignored="0" hostname="PSL-JK01MW2" failures="0" tests="5" name="TwoTestExecution" time="15.448" errors="0" timestamp="2023-08-22T17:23:20 IST">
  <testcase classname="com.testNG.TwoTestExecution" name="SerachTest001" time="8.762"/>
  <testcase classname="com.testNG.TwoTestExecution" name="SerachTest002" time="6.653"/>
  <testcase classname="com.testNG.Testone001" name="TestOne" time="0.0"/>
  <testcase classname="com.testNG.Testone001" name="TestThree" time="0.0"/>
  <testcase classname="com.testNG.Testone001" name="TestTwo" time="0.004"/>
</testsuite> <!-- TwoTestExecution -->
