<?xml version="1.0" encoding="UTF-8"?>
<!-- Generated by org.testng.reporters.JUnitXMLReporter -->
<testsuite ignored="0" hostname="PSL-JK01MW2" failures="0" tests="8" name="All_Package" time="33.743" errors="0" timestamp="2023-08-22T18:12:54 IST">
  <testcase classname="com.testNG.Testone" name="searchApple" time="10.657"/>
  <testcase classname="com.testNG.Testone" name="searchCargo" time="4.702"/>
  <testcase classname="com.testNG.Testone" name="searchSelenium" time="4.357"/>
  <testcase classname="com.testNG.Testone001" name="TestOne" time="0.009"/>
  <testcase classname="com.testNG.Testone001" name="TestThree" time="0.0"/>
  <testcase classname="com.testNG.Testone001" name="TestTwo" time="0.002"/>
  <testcase classname="com.testNG.TwoTestExecution" name="SerachTest001" time="9.651"/>
  <testcase classname="com.testNG.TwoTestExecution" name="SerachTest002" time="4.322"/>
</testsuite> <!-- All_Package -->
