<?xml version="1.0" encoding="UTF-8"?>
<!-- Generated by org.testng.reporters.JUnitXMLReporter -->
<testsuite ignored="0" hostname="PSL-JK01MW2" failures="0" tests="12" name="Default test" time="0.069" errors="0" timestamp="2023-08-24T17:55:21 IST">
  <testcase classname="dataprovider.ArithmaticExcution" name="testDiv" time="0.008"/>
  <testcase classname="dataprovider.ArithmaticExcution" name="testDiv" time="0.001"/>
  <testcase classname="dataprovider.ArithmaticExcution" name="testDiv" time="0.001"/>
  <testcase classname="dataprovider.ArithmaticExcution" name="testMulti" time="0.001"/>
  <testcase classname="dataprovider.ArithmaticExcution" name="testMulti" time="0.0"/>
  <testcase classname="dataprovider.ArithmaticExcution" name="testMulti" time="0.001"/>
  <testcase classname="dataprovider.ArithmaticExcution" name="testSub" time="0.001"/>
  <testcase classname="dataprovider.ArithmaticExcution" name="testSub" time="0.001"/>
  <testcase classname="dataprovider.ArithmaticExcution" name="testSub" time="0.001"/>
  <testcase classname="dataprovider.ArithmaticExcution" name="testSum" time="0.001"/>
  <testcase classname="dataprovider.ArithmaticExcution" name="testSum" time="0.001"/>
  <testcase classname="dataprovider.ArithmaticExcution" name="testSum" time="0.001"/>
</testsuite> <!-- Default test -->
