<?xml version="1.0" encoding="UTF-8"?>
<!-- Generated by org.testng.reporters.JUnitXMLReporter -->
<testsuite ignored="4" hostname="PSL-JK01MW2" failures="0" tests="2" name="GrouoDemo" time="0.048" errors="0" timestamp="2023-08-23T18:35:39 IST">
  <testcase classname="groupExamples.GroupOne" name="Testfive" time="0.01"/>
  <testcase classname="groupExamples.GroupOne" name="Testthree" time="0.001"/>
  <testcase classname="groupExamples.GroupOne" name="Testone" time="0.0">
    <ignored/>
  </testcase> <!-- Testone -->
  <testcase classname="groupExamples.GroupOne" name="Testsix" time="0.0">
    <ignored/>
  </testcase> <!-- Testsix -->
  <testcase classname="groupExamples.GroupOne" name="Testfour" time="0.0">
    <ignored/>
  </testcase> <!-- Testfour -->
  <testcase classname="groupExamples.GroupOne" name="Testtwo" time="0.0">
    <ignored/>
  </testcase> <!-- Testtwo -->
</testsuite> <!-- GrouoDemo -->
