<?xml version="1.0" encoding="UTF-8"?>
<!-- Generated by org.testng.reporters.JUnitXMLReporter -->
<testsuite ignored="0" hostname="PSL-JK01MW2" failures="1" tests="3" name="Test" time="0.051" errors="0" timestamp="2023-08-24T12:11:39 IST">
  <testcase classname="customReport.IReportDemo" name="TC001" time="0.009"/>
  <testcase classname="customReport.IReportDemo" name="TC002" time="0.002">
    <failure type="java.lang.AssertionError" message="expected [true] but found [false]">
      <![CDATA[java.lang.AssertionError: expected [true] but found [false]
at customReport.IReportDemo.TC002(IReportDemo.java:17)
at java.base/java.util.ArrayList.forEach(ArrayList.java:1511)
... Removed 29 stack frames]]>
    </failure>
  </testcase> <!-- TC002 -->
  <testcase classname="customReport.IReportDemo" name="TC003" time="0.001"/>
</testsuite> <!-- Test -->
