<?xml version="1.0" encoding="UTF-8"?>
<!-- Generated by org.testng.reporters.JUnitXMLReporter -->
<testsuite ignored="2" hostname="PSL-JK01MW2" failures="1" tests="1" name="Test(failed)" time="0.047" errors="0" timestamp="2023-08-24T11:59:41 IST">
  <testcase classname="customReport.IReportDemo" name="TC002" time="0.01">
    <failure type="java.lang.AssertionError" message="expected [true] but found [false]">
      <![CDATA[java.lang.AssertionError: expected [true] but found [false]
at customReport.IReportDemo.TC002(IReportDemo.java:15)
at java.base/java.util.ArrayList.forEach(ArrayList.java:1511)
... Removed 29 stack frames]]>
    </failure>
  </testcase> <!-- TC002 -->
  <testcase classname="customReport.IReportDemo" name="TC001" time="0.0">
    <ignored/>
  </testcase> <!-- TC001 -->
  <testcase classname="customReport.IReportDemo" name="TC003" time="0.0">
    <ignored/>
  </testcase> <!-- TC003 -->
</testsuite> <!-- Test(failed) -->
